Unity Editor version:    2020.3.36f1 (71f96b79b9f0)
Branch:                  master
Build type:              Release
Batch mode:              YES
System name:             Linux
Distro version:          #1 SMP PREEMPT Debian 5.16.12-2parrot1 (2022-03-11)
Kernel version:          5.16.0-12parrot1-amd64
Architecture:            x86_64
Available memory:        6954 MB
Using pre-set license
Pro License: NO
Desktop is 1920 x 1080 @ 60 Hz

COMMAND LINE ARGUMENTS:
Unity
-adb2
-batchMode
-noUpm
-name
AssetImportWorker0
-projectPath
/home/jin/Personal/Unity/Pathways/Junior Programmer/Player Control
-logFile
Logs/AssetImportWorker0.log
-srvPort
46869
Successfully changed project path to: /home/jin/Personal/Unity/Pathways/Junior Programmer/Player Control
/home/jin/Personal/Unity/Pathways/Junior Programmer/Player Control
Using Asset Import Pipeline V2.
Refreshing native plugins compatible for Editor in 58.51 ms, found 0 plugins.
Preloading 0 native plugins for Editor in 0.00 ms.
Initialize engine version: 2020.3.36f1 (71f96b79b9f0)
[Subsystems] Discovering subsystems at path /home/jin/Personal/Unity/2020.3.36f1/Editor/Data/Resources/UnitySubsystems
[Subsystems] Discovering subsystems at path /home/jin/Personal/Unity/Pathways/Junior Programmer/Player Control/Assets
GLX Extensions: GLX_ARB_create_context GLX_ARB_create_context_no_error GLX_ARB_create_context_profile GLX_ARB_create_context_robustness GLX_ARB_fbconfig_float GLX_ARB_framebuffer_sRGB GLX_ARB_get_proc_address GLX_ARB_multisample GLX_EXT_buffer_age GLX_EXT_create_context_es2_profile GLX_EXT_create_context_es_profile GLX_EXT_fbconfig_packed_float GLX_EXT_framebuffer_sRGB GLX_EXT_import_context GLX_EXT_swap_control GLX_EXT_swap_control_tear GLX_EXT_texture_from_pixmap GLX_EXT_visual_info GLX_EXT_visual_rating GLX_INTEL_swap_event GLX_MESA_copy_sub_buffer GLX_MESA_query_renderer GLX_MESA_swap_control GLX_OML_swap_method GLX_OML_sync_control GLX_SGIS_multisample GLX_SGIX_fbconfig GLX_SGIX_pbuffer GLX_SGIX_visual_select_group GLX_SGI_make_current_read GLX_SGI_swap_control GLX_SGI_video_sync 
Renderer: AMD Radeon(TM) Vega 8 Graphics (RAVEN, DRM 3.44.0, 5.16.0-12parrot1-amd64, LLVM 11.0.1)
Vendor:   AMD
Version:  4.6 (Core Profile) Mesa 20.3.5
GLES:     0
 GL_AMD_conservative_depth GL_AMD_depth_clamp_separate GL_AMD_draw_buffers_blend GL_AMD_framebuffer_multisample_advanced GL_AMD_gpu_shader_int64 GL_AMD_multi_draw_indirect GL_AMD_performance_monitor GL_AMD_pinned_memory GL_AMD_query_buffer_object GL_AMD_seamless_cubemap_per_texture GL_AMD_shader_stencil_export GL_AMD_shader_trinary_minmax GL_AMD_texture_texture4 GL_AMD_vertex_shader_layer GL_AMD_vertex_shader_viewport_index GL_ANGLE_texture_compression_dxt3 GL_ANGLE_texture_compression_dxt5 GL_ARB_ES2_compatibility GL_ARB_ES3_1_compatibility GL_ARB_ES3_2_compatibility GL_ARB_ES3_compatibility GL_ARB_arrays_of_arrays GL_ARB_base_instance GL_ARB_bindless_texture GL_ARB_blend_func_extended GL_ARB_buffer_storage GL_ARB_clear_buffer_object GL_ARB_clear_texture GL_ARB_clip_control GL_ARB_color_buffer_float GL_ARB_compressed_texture_pixel_storage GL_ARB_compute_shader GL_ARB_compute_variable_group_size GL_ARB_conditional_render_inverted GL_ARB_conservative_depth GL_ARB_copy_buffer GL_ARB_copy_image GL_ARB_cull_dist
ance GL_ARB_debug_output GL_ARB_depth_buffer_float GL_ARB_depth_clamp GL_ARB_derivative_control GL_ARB_direct_state_access GL_ARB_draw_buffers GL_ARB_draw_buffers_blend GL_ARB_draw_elements_base_vertex GL_ARB_draw_indirect GL_ARB_draw_instanced GL_ARB_enhanced_layouts GL_ARB_explicit_attrib_location GL_ARB_explicit_uniform_location GL_ARB_fragment_coord_conventions GL_ARB_fragment_layer_viewport GL_ARB_fragment_shader GL_ARB_framebuffer_no_attachments GL_ARB_framebuffer_object GL_ARB_framebuffer_sRGB GL_ARB_get_program_binary GL_ARB_get_texture_sub_image GL_ARB_gl_spirv GL_ARB_gpu_shader5 GL_ARB_gpu_shader_fp64 GL_ARB_gpu_shader_int64 GL_ARB_half_float_pixel GL_ARB_half_float_vertex GL_ARB_indirect_parameters GL_ARB_instanced_arrays GL_ARB_internalformat_query GL_ARB_internalformat_query2 GL_ARB_invalidate_subdata GL_ARB_map_buffer_alignment GL_ARB_map_buffer_range GL_ARB_multi_bind GL_ARB_multi_draw_indirect GL_ARB_occlusion_query2 GL_ARB_parallel_shader_compile GL_ARB_pipeline_statistics_query GL_ARB_pixel
_buffer_object GL_ARB_point_sprite GL_ARB_polygon_offset_clamp GL_ARB_program_interface_query GL_ARB_provoking_vertex GL_ARB_query_buffer_object GL_ARB_robust_buffer_access_behavior GL_ARB_robustness GL_ARB_sample_shading GL_ARB_sampler_objects GL_ARB_seamless_cube_map GL_ARB_seamless_cubemap_per_texture GL_ARB_separate_shader_objects GL_ARB_shader_atomic_counter_ops GL_ARB_shader_atomic_counters GL_ARB_shader_ballot GL_ARB_shader_bit_encoding GL_ARB_shader_clock GL_ARB_shader_draw_parameters GL_ARB_shader_group_vote GL_ARB_shader_image_load_store GL_ARB_shader_image_size GL_ARB_shader_objects GL_ARB_shader_precision GL_ARB_shader_stencil_export GL_ARB_shader_storage_buffer_object GL_ARB_shader_subroutine GL_ARB_shader_texture_image_samples GL_ARB_shader_texture_lod GL_ARB_shader_viewport_layer_array GL_ARB_shading_language_420pack GL_ARB_shading_language_include GL_ARB_shading_language_packing GL_ARB_sparse_buffer GL_ARB_spirv_extensions GL_ARB_stencil_texturing GL_ARB_sync GL_ARB_tessellation_shader GL_ARB
_texture_barrier GL_ARB_texture_buffer_object GL_ARB_texture_buffer_object_rgb32 GL_ARB_texture_buffer_range GL_ARB_texture_compression_bptc GL_ARB_texture_compression_rgtc GL_ARB_texture_cube_map_array GL_ARB_texture_filter_anisotropic GL_ARB_texture_float GL_ARB_texture_gather GL_ARB_texture_mirror_clamp_to_edge GL_ARB_texture_multisample GL_ARB_texture_non_power_of_two GL_ARB_texture_query_levels GL_ARB_texture_query_lod GL_ARB_texture_rectangle GL_ARB_texture_rg GL_ARB_texture_rgb10_a2ui GL_ARB_texture_stencil8 GL_ARB_texture_storage GL_ARB_texture_storage_multisample GL_ARB_texture_swizzle GL_ARB_texture_view GL_ARB_timer_query GL_ARB_transform_feedback2 GL_ARB_transform_feedback3 GL_ARB_transform_feedback_instanced GL_ARB_transform_feedback_overflow_query GL_ARB_uniform_buffer_object GL_ARB_vertex_array_bgra GL_ARB_vertex_array_object GL_ARB_vertex_attrib_64bit GL_ARB_vertex_attrib_binding GL_ARB_vertex_buffer_object GL_ARB_vertex_shader GL_ARB_vertex_type_10f_11f_11f_rev GL_ARB_vertex_type_2_10_10_10_
rev GL_ARB_viewport_array GL_ATI_blend_equation_separate GL_ATI_meminfo GL_ATI_texture_float GL_ATI_texture_mirror_once GL_EXT_EGL_image_storage GL_EXT_EGL_sync GL_EXT_abgr GL_EXT_blend_equation_separate GL_EXT_depth_bounds_test GL_EXT_draw_buffers2 GL_EXT_draw_instanced GL_EXT_framebuffer_blit GL_EXT_framebuffer_multisample GL_EXT_framebuffer_multisample_blit_scaled GL_EXT_framebuffer_object GL_EXT_framebuffer_sRGB GL_EXT_memory_object GL_EXT_memory_object_fd GL_EXT_packed_depth_stencil GL_EXT_packed_float GL_EXT_pixel_buffer_object GL_EXT_polygon_offset_clamp GL_EXT_provoking_vertex GL_EXT_semaphore GL_EXT_semaphore_fd GL_EXT_shader_image_load_formatted GL_EXT_shader_image_load_store GL_EXT_shader_integer_mix GL_EXT_shader_samples_identical GL_EXT_texture_array GL_EXT_texture_compression_dxt1 GL_EXT_texture_compression_rgtc GL_EXT_texture_compression_s3tc GL_EXT_texture_filter_anisotropic GL_EXT_texture_integer GL_EXT_texture_mirror_clamp GL_EXT_texture_sRGB GL_EXT_texture_sRGB_R8 GL_EXT_texture_sRGB_decod
e GL_EXT_texture_shadow_lod GL_EXT_texture_shared_exponent GL_EXT_texture_snorm GL_EXT_texture_swizzle GL_EXT_timer_query GL_EXT_transform_feedback GL_EXT_vertex_array_bgra GL_EXT_vertex_attrib_64bit GL_EXT_window_rectangles GL_IBM_multimode_draw_arrays GL_INTEL_blackhole_render GL_KHR_blend_equation_advanced GL_KHR_context_flush_control GL_KHR_debug GL_KHR_no_error GL_KHR_parallel_shader_compile GL_KHR_robust_buffer_access_behavior GL_KHR_robustness GL_KHR_texture_compression_astc_ldr GL_KHR_texture_compression_astc_sliced_3d GL_MESA_framebuffer_flip_y GL_MESA_pack_invert GL_MESA_shader_integer_functions GL_MESA_texture_signed_rgba GL_NVX_gpu_memory_info GL_NV_alpha_to_coverage_dither_control GL_NV_conditional_render GL_NV_copy_image GL_NV_depth_clamp GL_NV_packed_depth_stencil GL_NV_shader_atomic_int64 GL_NV_texture_barrier GL_NV_vdpau_interop GL_OES_EGL_image GL_S3_s3tc
OPENGL LOG: Creating OpenGL 4.6 graphics device ; Context level  <OpenGL 4.5> ; Context handle -753163776
Initialize mono
Mono path[0] = '/home/jin/Personal/Unity/2020.3.36f1/Editor/Data/Managed'
Mono path[1] = '/home/jin/Personal/Unity/2020.3.36f1/Editor/Data/MonoBleedingEdge/lib/mono/unityjit'
Mono config path = '/home/jin/Personal/Unity/2020.3.36f1/Editor/Data/MonoBleedingEdge/etc'
Using monoOptions --debugger-agent=transport=dt_socket,embedding=1,server=y,suspend=n,address=127.0.0.1:56179
Begin MonoManager ReloadAssembly
Registering precompiled unity dll's ...
Register platform support module: /home/jin/Personal/Unity/2020.3.36f1/Editor/Data/PlaybackEngines/WebGLSupport/UnityEditor.WebGL.Extensions.dll
Register platform support module: /home/jin/Personal/Unity/2020.3.36f1/Editor/Data/PlaybackEngines/WindowsStandaloneSupport/UnityEditor.WindowsStandalone.Extensions.dll
Register platform support module: /home/jin/Personal/Unity/2020.3.36f1/Editor/Data/PlaybackEngines/LinuxStandaloneSupport/UnityEditor.LinuxStandalone.Extensions.dll
Registered in 0.001908 seconds.
Native extension for LinuxStandalone target not found
Native extension for WindowsStandalone target not found
Native extension for WebGL target not found
Refreshing native plugins compatible for Editor in 38.13 ms, found 0 plugins.
Preloading 0 native plugins for Editor in 0.00 ms.
Mono: successfully reloaded assembly
- Completed reload, in  1.125 seconds
Domain Reload Profiling:
	ReloadAssembly (1125ms)
		BeginReloadAssembly (95ms)
			ExecutionOrderSort (0ms)
			DisableScriptedObjects (0ms)
			BackupInstance (0ms)
			ReleaseScriptingObjects (0ms)
			CreateAndSetChildDomain (3ms)
		EndReloadAssembly (906ms)
			LoadAssemblies (92ms)
			RebuildTransferFunctionScriptingTraits (0ms)
			SetupTypeCache (209ms)
			ReleaseScriptCaches (0ms)
			RebuildScriptCaches (52ms)
			SetupLoadedEditorAssemblies (421ms)
				LogAssemblyErrors (0ms)
				InitializePlatformSupportModulesInManaged (17ms)
				SetLoadedEditorAssemblies (1ms)
				RefreshPlugins (38ms)
				BeforeProcessingInitializeOnLoad (24ms)
				ProcessInitializeOnLoadAttributes (264ms)
				ProcessInitializeOnLoadMethodAttributes (76ms)
				AfterProcessingInitializeOnLoad (0ms)
				EditorAssembliesLoaded (1ms)
			ExecutionOrderSort2 (0ms)
			AwakeInstancesAfterBackupRestoration (0ms)
Platform modules already initialized, skipping
Registering precompiled user dll's ...
Registered in 0.002507 seconds.
Begin MonoManager ReloadAssembly
Native extension for LinuxStandalone target not found
Native extension for WindowsStandalone target not found
Native extension for WebGL target not found
Refreshing native plugins compatible for Editor in 0.42 ms, found 0 plugins.
Preloading 0 native plugins for Editor in 0.00 ms.
Mono: successfully reloaded assembly
- Completed reload, in  1.909 seconds
Domain Reload Profiling:
	ReloadAssembly (1911ms)
		BeginReloadAssembly (259ms)
			ExecutionOrderSort (0ms)
			DisableScriptedObjects (17ms)
			BackupInstance (0ms)
			ReleaseScriptingObjects (0ms)
			CreateAndSetChildDomain (44ms)
		EndReloadAssembly (1551ms)
			LoadAssemblies (166ms)
			RebuildTransferFunctionScriptingTraits (0ms)
			SetupTypeCache (364ms)
			ReleaseScriptCaches (1ms)
			RebuildScriptCaches (65ms)
			SetupLoadedEditorAssemblies (776ms)
				LogAssemblyErrors (0ms)
				InitializePlatformSupportModulesInManaged (42ms)
				SetLoadedEditorAssemblies (2ms)
				RefreshPlugins (0ms)
				BeforeProcessingInitializeOnLoad (110ms)
				ProcessInitializeOnLoadAttributes (572ms)
				ProcessInitializeOnLoadMethodAttributes (43ms)
				AfterProcessingInitializeOnLoad (5ms)
				EditorAssembliesLoaded (1ms)
			ExecutionOrderSort2 (0ms)
			AwakeInstancesAfterBackupRestoration (4ms)
Platform modules already initialized, skipping
========================================================================
Worker process is ready to serve import requests
Launched and connected shader compiler UnityShaderCompiler after 0.02 seconds
Refreshing native plugins compatible for Editor in 0.41 ms, found 0 plugins.
Preloading 0 native plugins for Editor in 0.00 ms.
Unloading 1522 Unused Serialized files (Serialized files now loaded: 0)
System memory in use before: 64.6 MB.
System memory in use after: 64.7 MB.

Unloading 16 unused Assets to reduce memory usage. Loaded Objects now: 1959.
Total: 6.946204 ms (FindLiveObjects: 0.173555 ms CreateObjectMapping: 0.054406 ms MarkObjects: 6.532115 ms  DeleteObjects: 0.174254 ms)

AssetImportParameters requested are different than current active one (requested -> active):
  custom:video-decoder-ogg-theora: a1e56fd34408186e4bbccfd4996cb3dc -> 
  custom:container-muxer-webm: aa71ff27fc2769a1b78a27578f13a17b -> 
  custom:container-demuxer-webm: 4f35f7cbe854078d1ac9338744f61a02 -> 
  custom:container-demuxer-ogg: 62fdf1f143b41e24485cea50d1cbac27 -> 
  custom:video-encoder-webm-vp8: eb34c28f22e8b96e1ab97ce403110664 -> 
  custom:video-decoder-webm-vp8: 9c59270c3fd7afecdb556c50c9e8de78 -> 
  custom:audio-decoder-ogg-vorbis: bf7c407c2cedff20999df2af8eb42d56 -> 
  custom:audio-encoder-webm-vorbis: bf7c407c2cedff20999df2af8eb42d56 -> 
========================================================================
Received Import Request.
  path: Assets/Course Library/Ground/Ground_Road.prefab
  artifactKey: Guid(e7db4011ca7f11c408c1ad18b34ed04d) Importer(815301076,1909f56bfc062723c751e8b465ee728b)
Start importing Assets/Course Library/Ground/Ground_Road.prefab using Guid(e7db4011ca7f11c408c1ad18b34ed04d) Importer(815301076,1909f56bfc062723c751e8b465ee728b)  -> (artifact id: '9513e6fa4dfc34f15374c54a88ca89ab') in 0.186393 seconds 
========================================================================
Received Import Request.
  Time since last request: 0.031674 seconds.
  path: Assets/Course Library/_Source_Files/Textures/Skybox_Diff.png
  artifactKey: Guid(1202e6a7c7a1de2499a2c339a4382c9e) Importer(815301076,1909f56bfc062723c751e8b465ee728b)
Start importing Assets/Course Library/_Source_Files/Textures/Skybox_Diff.png using Guid(1202e6a7c7a1de2499a2c339a4382c9e) Importer(815301076,1909f56bfc062723c751e8b465ee728b)  -> (artifact id: 'b5eb0d3e2adbaf50b2347441625e4f3c') in 0.021305 seconds 
========================================================================
Received Import Request.
  Time since last request: 0.112104 seconds.
  path: Assets/Course Library/_Source_Files/FBX/Prop_Barrier01.fbx
  artifactKey: Guid(5bb9a811cdd73fa42975794b4c22350f) Importer(815301076,1909f56bfc062723c751e8b465ee728b)
Start importing Assets/Course Library/_Source_Files/FBX/Prop_Barrier01.fbx using Guid(5bb9a811cdd73fa42975794b4c22350f) Importer(815301076,1909f56bfc062723c751e8b465ee728b)  -> (artifact id: 'd87e33db9f5dd5d990505bc23ed70654') in 0.069027 seconds 
========================================================================
Received Import Request.
  Time since last request: 0.002176 seconds.
  path: Assets/Course Library/_Source_Files/Materials/Road.mat
  artifactKey: Guid(aaee9edfd91ad584982e7126ed73c97d) Importer(815301076,1909f56bfc062723c751e8b465ee728b)
Start importing Assets/Course Library/_Source_Files/Materials/Road.mat using Guid(aaee9edfd91ad584982e7126ed73c97d) Importer(815301076,1909f56bfc062723c751e8b465ee728b)  -> (artifact id: '87450872867e35feb4095e60b6bb0653') in 0.087081 seconds 
========================================================================
Received Import Request.
  Time since last request: 0.088332 seconds.
  path: Assets/Course Library/Sky/MountainSkybox.prefab
  artifactKey: Guid(5f0963a629b97442587b7f3ece766e42) Importer(815301076,1909f56bfc062723c751e8b465ee728b)
Start importing Assets/Course Library/Sky/MountainSkybox.prefab using Guid(5f0963a629b97442587b7f3ece766e42) Importer(815301076,1909f56bfc062723c751e8b465ee728b)  -> (artifact id: '58ea835db9e01427bbf280382869395f') in 0.011340 seconds 
========================================================================
Received Import Request.
  Time since last request: 0.002210 seconds.
  path: Assets/Course Library/_Source_Files/Materials/Military_Green.mat
  artifactKey: Guid(7bc72f97a09670a4f9b072e70f88f4cd) Importer(815301076,1909f56bfc062723c751e8b465ee728b)
Start importing Assets/Course Library/_Source_Files/Materials/Military_Green.mat using Guid(7bc72f97a09670a4f9b072e70f88f4cd) Importer(815301076,1909f56bfc062723c751e8b465ee728b)  -> (artifact id: '6183a6cba1c44e11f90ba2a4ac1ba5aa') in 0.108214 seconds 
========================================================================
Received Import Request.
  Time since last request: 0.002453 seconds.
  path: Assets/Course Library/_Source_Files/Materials/MilitaryProps.mat
  artifactKey: Guid(af9d3101091f90d4db78a2097d5dcb84) Importer(815301076,1909f56bfc062723c751e8b465ee728b)
Start importing Assets/Course Library/_Source_Files/Materials/MilitaryProps.mat using Guid(af9d3101091f90d4db78a2097d5dcb84) Importer(815301076,1909f56bfc062723c751e8b465ee728b)  -> (artifact id: '07e537f3830c5bdf3aac3660eebacb0e') in 0.011334 seconds 
========================================================================
Received Import Request.
  Time since last request: 0.096696 seconds.
  path: Assets/Course Library/_Source_Files/Misc/MountainSkybox.fbx
  artifactKey: Guid(2d340581e3fa79c48b1401265c761387) Importer(815301076,1909f56bfc062723c751e8b465ee728b)
Start importing Assets/Course Library/_Source_Files/Misc/MountainSkybox.fbx using Guid(2d340581e3fa79c48b1401265c761387) Importer(815301076,1909f56bfc062723c751e8b465ee728b)  -> (artifact id: 'c44f207744a1c67d47cf40539ac45223') in 0.020241 seconds 
========================================================================
Received Import Request.
  Time since last request: 0.001567 seconds.
  path: Assets/Course Library/_Source_Files/Textures
  artifactKey: Guid(ae9b7b5b6dddb4009817f870c10d2d26) Importer(815301076,1909f56bfc062723c751e8b465ee728b)
Start importing Assets/Course Library/_Source_Files/Textures using Guid(ae9b7b5b6dddb4009817f870c10d2d26) Importer(815301076,1909f56bfc062723c751e8b465ee728b)  -> (artifact id: '62348aec4f5efbd6f6385b1b71c2b32c') in 0.001231 seconds 
========================================================================
Received Import Request.
  Time since last request: 0.001696 seconds.
  path: Assets/Scripts/OnComingVehicles.cs
  artifactKey: Guid(6899e911c173dbaea9238b1848b0a7f7) Importer(815301076,1909f56bfc062723c751e8b465ee728b)
Start importing Assets/Scripts/OnComingVehicles.cs using Guid(6899e911c173dbaea9238b1848b0a7f7) Importer(815301076,1909f56bfc062723c751e8b465ee728b)  -> (artifact id: '2f8665b57f9b1943b64796ea32f87d73') in 0.001214 seconds 
========================================================================
Received Import Request.
  Time since last request: 0.183276 seconds.
  path: Assets/Course Library/_Source_Files/FBX/Prop_Barrier02.fbx
  artifactKey: Guid(78056cefff7010745ae502ceee2d13e2) Importer(815301076,1909f56bfc062723c751e8b465ee728b)
Start importing Assets/Course Library/_Source_Files/FBX/Prop_Barrier02.fbx using Guid(78056cefff7010745ae502ceee2d13e2) Importer(815301076,1909f56bfc062723c751e8b465ee728b)  -> (artifact id: 'b327480e134996a485dea4660e38c732') in 0.027158 seconds 
========================================================================
Received Import Request.
  Time since last request: 0.002242 seconds.
  path: Assets/Course Library/Ground
  artifactKey: Guid(343e5d6e38531486a9fc755e39b8ff7e) Importer(815301076,1909f56bfc062723c751e8b465ee728b)
Start importing Assets/Course Library/Ground using Guid(343e5d6e38531486a9fc755e39b8ff7e) Importer(815301076,1909f56bfc062723c751e8b465ee728b)  -> (artifact id: '1359d12a8388bfecd6914f839c68fdd7') in 0.001951 seconds 
========================================================================
Received Import Request.
  Time since last request: 0.150151 seconds.
  path: Assets/Course Library/_Source_Files/FBX/ST_Veh_Bus_Blue_Z.fbx
  artifactKey: Guid(7799a29fdee308341b16b65d8a002357) Importer(815301076,1909f56bfc062723c751e8b465ee728b)
Start importing Assets/Course Library/_Source_Files/FBX/ST_Veh_Bus_Blue_Z.fbx using Guid(7799a29fdee308341b16b65d8a002357) Importer(815301076,1909f56bfc062723c751e8b465ee728b)  -> (artifact id: '6f47fd8971c49398449895d4e83968f1') in 0.087224 seconds 
========================================================================
Received Import Request.
  Time since last request: 0.485908 seconds.
  path: Assets/Course Library/Sky/SkyDome.prefab
  artifactKey: Guid(51a084e4035b24e76997744a50c711d4) Importer(815301076,1909f56bfc062723c751e8b465ee728b)
Start importing Assets/Course Library/Sky/SkyDome.prefab using Guid(51a084e4035b24e76997744a50c711d4) Importer(815301076,1909f56bfc062723c751e8b465ee728b)  -> (artifact id: 'df0ba078ab5a4f87a240f14896b02c25') in 0.013196 seconds 
========================================================================
Received Import Request.
  Time since last request: 0.169530 seconds.
  path: Assets/Course Library/_Source_Files/Textures/PolygonNature_01.png
  artifactKey: Guid(2edd58f7c433e934db9029c375173b44) Importer(815301076,1909f56bfc062723c751e8b465ee728b)
Start importing Assets/Course Library/_Source_Files/Textures/PolygonNature_01.png using Guid(2edd58f7c433e934db9029c375173b44) Importer(815301076,1909f56bfc062723c751e8b465ee728b)  -> (artifact id: '4a697143d89f6d7f2244f3ecff2d6c85') in 0.009204 seconds 
========================================================================
Received Import Request.
  Time since last request: 0.002960 seconds.
  path: Assets/Course Library/_Source_Files/Materials/PolygonNature_01.mat
  artifactKey: Guid(b72e16591230315448c77c827b522ae1) Importer(815301076,1909f56bfc062723c751e8b465ee728b)
Start importing Assets/Course Library/_Source_Files/Materials/PolygonNature_01.mat using Guid(b72e16591230315448c77c827b522ae1) Importer(815301076,1909f56bfc062723c751e8b465ee728b)  -> (artifact id: '225d54b1b74bcd83bf001d0b7eac556c') in 0.209782 seconds 
========================================================================
Received Import Request.
  Time since last request: 0.441841 seconds.
  path: Assets/Course Library/_Source_Files/Misc/SkyDome.fbx
  artifactKey: Guid(1340630fb7a3267499177be33f281f05) Importer(815301076,1909f56bfc062723c751e8b465ee728b)
Start importing Assets/Course Library/_Source_Files/Misc/SkyDome.fbx using Guid(1340630fb7a3267499177be33f281f05) Importer(815301076,1909f56bfc062723c751e8b465ee728b)  -> (artifact id: 'e7d44c90c9a7efaef8f970ddbdea8699') in 0.063827 seconds 
========================================================================
Received Import Request.
  Time since last request: 0.023257 seconds.
  path: Assets/Course Library/_Source_Files/FBX/SM_Prop_Barrel_02.fbx
  artifactKey: Guid(bc0208005b6890d44994050c677eb13f) Importer(815301076,1909f56bfc062723c751e8b465ee728b)
Start importing Assets/Course Library/_Source_Files/FBX/SM_Prop_Barrel_02.fbx using Guid(bc0208005b6890d44994050c677eb13f) Importer(815301076,1909f56bfc062723c751e8b465ee728b)  -> (artifact id: '4d6780148d2c218a387af4a71833f8a0') in 0.019567 seconds 
========================================================================
Received Import Request.
  Time since last request: 0.002021 seconds.
  path: Assets/Course Library/Sky
  artifactKey: Guid(1bd069063b3e24576b69ba24851b16c7) Importer(815301076,1909f56bfc062723c751e8b465ee728b)
Start importing Assets/Course Library/Sky using Guid(1bd069063b3e24576b69ba24851b16c7) Importer(815301076,1909f56bfc062723c751e8b465ee728b)  -> (artifact id: '32308dada638fadbf400cc4f184120d9') in 0.001774 seconds 
========================================================================
Received Import Request.
  Time since last request: 0.005068 seconds.
  path: Assets/Course Library/_Source_Files/Textures/SimpleSky.png
  artifactKey: Guid(7bab9ac1487e10c40b9ed77d4c551e04) Importer(815301076,1909f56bfc062723c751e8b465ee728b)
Start importing Assets/Course Library/_Source_Files/Textures/SimpleSky.png using Guid(7bab9ac1487e10c40b9ed77d4c551e04) Importer(815301076,1909f56bfc062723c751e8b465ee728b)  -> (artifact id: 'f89640d567709b311f2d7f32f98bca0b') in 0.009272 seconds 
========================================================================
Received Import Request.
  Time since last request: 0.002206 seconds.
  path: Assets/Course Library/_Source_Files/Materials/SimpleTown.mat
  artifactKey: Guid(7cce38ba40b7d05439de10ddde5afaf6) Importer(815301076,1909f56bfc062723c751e8b465ee728b)
Start importing Assets/Course Library/_Source_Files/Materials/SimpleTown.mat using Guid(7cce38ba40b7d05439de10ddde5afaf6) Importer(815301076,1909f56bfc062723c751e8b465ee728b)  -> (artifact id: 'd4b0c6e17300dae88470bc87508d4e05') in 0.011726 seconds 
========================================================================
Received Import Request.
  Time since last request: 0.002431 seconds.
  path: Assets/Course Library/Obstacles
  artifactKey: Guid(88324ca9b0d2a46288da003b32662ac8) Importer(815301076,1909f56bfc062723c751e8b465ee728b)
Start importing Assets/Course Library/Obstacles using Guid(88324ca9b0d2a46288da003b32662ac8) Importer(815301076,1909f56bfc062723c751e8b465ee728b)  -> (artifact id: 'a51aced6521e2a9e9f00583c93811dc7') in 0.001013 seconds 
========================================================================
Received Import Request.
  Time since last request: 0.003168 seconds.
  path: Assets/Course Library/_Source_Files/Materials/Prop_Signs_00.mat
  artifactKey: Guid(16907a240f508cc46bb9ee1d37bc94ec) Importer(815301076,1909f56bfc062723c751e8b465ee728b)
Start importing Assets/Course Library/_Source_Files/Materials/Prop_Signs_00.mat using Guid(16907a240f508cc46bb9ee1d37bc94ec) Importer(815301076,1909f56bfc062723c751e8b465ee728b)  -> (artifact id: '5398d5666b2d663b5a08acb53b4452a3') in 0.020825 seconds 
========================================================================
Received Import Request.
  Time since last request: 0.045498 seconds.
  path: Assets/Course Library/_Source_Files/FBX/ST_Veh_Ute_Red_Z.fbx
  artifactKey: Guid(a7dca03bf1b6f9b46b6916fa5450f775) Importer(815301076,1909f56bfc062723c751e8b465ee728b)
Start importing Assets/Course Library/_Source_Files/FBX/ST_Veh_Ute_Red_Z.fbx using Guid(a7dca03bf1b6f9b46b6916fa5450f775) Importer(815301076,1909f56bfc062723c751e8b465ee728b)  -> (artifact id: 'd17564a8fb2fdf999732454b72e2b894') in 0.056182 seconds 
========================================================================
Received Import Request.
  Time since last request: 0.018795 seconds.
  path: Assets/Course Library/_Source_Files/FBX/SM_Prop_Spool_02.fbx
  artifactKey: Guid(0398a1d1d554d19429b04a7c7413037a) Importer(815301076,1909f56bfc062723c751e8b465ee728b)
Start importing Assets/Course Library/_Source_Files/FBX/SM_Prop_Spool_02.fbx using Guid(0398a1d1d554d19429b04a7c7413037a) Importer(815301076,1909f56bfc062723c751e8b465ee728b)  -> (artifact id: 'fa1a6e7e80b39bd1c85b7229a51789de') in 0.013149 seconds 
========================================================================
Received Import Request.
  Time since last request: 0.012469 seconds.
  path: Assets/Course Library/_Source_Files/FBX/SM_Rock_Boulder_01.fbx
  artifactKey: Guid(3bf1797a1e906ed419074e5bd4b7ff3b) Importer(815301076,1909f56bfc062723c751e8b465ee728b)
Start importing Assets/Course Library/_Source_Files/FBX/SM_Rock_Boulder_01.fbx using Guid(3bf1797a1e906ed419074e5bd4b7ff3b) Importer(815301076,1909f56bfc062723c751e8b465ee728b)  -> (artifact id: 'b6ee578637b007d7826051282c37896b') in 0.012902 seconds 
========================================================================
Received Import Request.
  Time since last request: 0.002417 seconds.
  path: Assets/Scenes
  artifactKey: Guid(45ad26f00925d466dabadef216e90f0e) Importer(815301076,1909f56bfc062723c751e8b465ee728b)
Start importing Assets/Scenes using Guid(45ad26f00925d466dabadef216e90f0e) Importer(815301076,1909f56bfc062723c751e8b465ee728b)  -> (artifact id: '8592ea27816e982653df07ea45b05c5c') in 0.001026 seconds 
========================================================================
Received Import Request.
  Time since last request: 0.001847 seconds.
  path: Assets/Course Library/_Source_Files/Misc
  artifactKey: Guid(993f981147786450bb782079c0d62878) Importer(815301076,1909f56bfc062723c751e8b465ee728b)
Start importing Assets/Course Library/_Source_Files/Misc using Guid(993f981147786450bb782079c0d62878) Importer(815301076,1909f56bfc062723c751e8b465ee728b)  -> (artifact id: 'e5c12c2e6b0c103bdbe3b95e06c69855') in 0.000996 seconds 
========================================================================
Received Import Request.
  Time since last request: 0.008179 seconds.
  path: Assets/Course Library/_Source_Files/FBX/SM_Prop_Crate_01.fbx
  artifactKey: Guid(6a1c3c31ad20ee24c837e6aad1e22d80) Importer(815301076,1909f56bfc062723c751e8b465ee728b)
Start importing Assets/Course Library/_Source_Files/FBX/SM_Prop_Crate_01.fbx using Guid(6a1c3c31ad20ee24c837e6aad1e22d80) Importer(815301076,1909f56bfc062723c751e8b465ee728b)  -> (artifact id: 'f2ad31f749e0419c3fff773de3cc71d5') in 0.013323 seconds 
========================================================================
Received Import Request.
  Time since last request: 0.008494 seconds.
  path: Assets/Course Library/_Source_Files/Textures/road-tiled.png
  artifactKey: Guid(d41b87a3f40e2ef459de5656fcaf00e9) Importer(815301076,1909f56bfc062723c751e8b465ee728b)
Start importing Assets/Course Library/_Source_Files/Textures/road-tiled.png using Guid(d41b87a3f40e2ef459de5656fcaf00e9) Importer(815301076,1909f56bfc062723c751e8b465ee728b)  -> (artifact id: 'be674350734de09fcd6cd5c191d72934') in 0.005388 seconds 
========================================================================
Received Import Request.
  Time since last request: 0.013144 seconds.
  path: Assets/Course Library/_Source_Files/Textures/Textures_Props.png
  artifactKey: Guid(ac660800cea938a42ae8f2c5ea24539e) Importer(815301076,1909f56bfc062723c751e8b465ee728b)
Start importing Assets/Course Library/_Source_Files/Textures/Textures_Props.png using Guid(ac660800cea938a42ae8f2c5ea24539e) Importer(815301076,1909f56bfc062723c751e8b465ee728b)  -> (artifact id: '50480de2b1f1c3b01c7fcc98bf9df89c') in 0.007080 seconds 
========================================================================
Received Import Request.
  Time since last request: 0.023618 seconds.
  path: Assets/Course Library/_Source_Files/Textures/Tex_Military_Green.png
  artifactKey: Guid(91d8e129fe518b34281eef0689092f0d) Importer(815301076,1909f56bfc062723c751e8b465ee728b)
Start importing Assets/Course Library/_Source_Files/Textures/Tex_Military_Green.png using Guid(91d8e129fe518b34281eef0689092f0d) Importer(815301076,1909f56bfc062723c751e8b465ee728b)  -> (artifact id: 'e86f69a10cfe1bd7327e5dafad319419') in 0.007106 seconds 
========================================================================
Received Import Request.
  Time since last request: 0.006979 seconds.
  path: Assets/Course Library/_Source_Files/FBX
  artifactKey: Guid(5522a65b4f20746ba835d086c3135412) Importer(815301076,1909f56bfc062723c751e8b465ee728b)
Start importing Assets/Course Library/_Source_Files/FBX using Guid(5522a65b4f20746ba835d086c3135412) Importer(815301076,1909f56bfc062723c751e8b465ee728b)  -> (artifact id: 'ed4601e9ac67bd8d2e924cb353440ffa') in 0.000939 seconds 
========================================================================
Received Import Request.
  Time since last request: 0.011516 seconds.
  path: Assets/Course Library/_Source_Files/Textures/SimpleTown.png
  artifactKey: Guid(6495ebfa6e1229c4581a3963c2c50f9f) Importer(815301076,1909f56bfc062723c751e8b465ee728b)
Start importing Assets/Course Library/_Source_Files/Textures/SimpleTown.png using Guid(6495ebfa6e1229c4581a3963c2c50f9f) Importer(815301076,1909f56bfc062723c751e8b465ee728b)  -> (artifact id: '3363835f5b01ff6c02e7e0beb4f51eaf') in 0.006508 seconds 
========================================================================
Received Import Request.
  Time since last request: 0.003578 seconds.
  path: Assets/Course Library/_Source_Files/_LICENSE.txt
  artifactKey: Guid(0310a912c63a84902ab614f875fc4f7e) Importer(815301076,1909f56bfc062723c751e8b465ee728b)
Start importing Assets/Course Library/_Source_Files/_LICENSE.txt using Guid(0310a912c63a84902ab614f875fc4f7e) Importer(815301076,1909f56bfc062723c751e8b465ee728b)  -> (artifact id: '36d0f1f4d82f9495e8f0c92f269aa778') in 0.001423 seconds 
========================================================================
Received Import Request.
  Time since last request: 0.005278 seconds.
  path: Assets/Course Library/_Source_Files/FBX/SK_Veh_Armor_Car_01.fbx
  artifactKey: Guid(93b9de2c4710d6b4e9ac38987a064d42) Importer(815301076,1909f56bfc062723c751e8b465ee728b)
Start importing Assets/Course Library/_Source_Files/FBX/SK_Veh_Armor_Car_01.fbx using Guid(93b9de2c4710d6b4e9ac38987a064d42) Importer(815301076,1909f56bfc062723c751e8b465ee728b)  -> (artifact id: '211b7418bed74218ca1c00e233d546cd') in 0.067184 seconds 
========================================================================
Received Import Request.
  Time since last request: 0.004194 seconds.
  path: Assets/Scenes/Prototype 1.unity
  artifactKey: Guid(84729eeda748340d0955715b6a50b370) Importer(815301076,1909f56bfc062723c751e8b465ee728b)
Start importing Assets/Scenes/Prototype 1.unity using Guid(84729eeda748340d0955715b6a50b370) Importer(815301076,1909f56bfc062723c751e8b465ee728b)  -> (artifact id: 'cdc61f90b55579f65b90c58c1ebf93e9') in 0.000941 seconds 
========================================================================
Received Import Request.
  Time since last request: 0.024635 seconds.
  path: Assets/Course Library/_Source_Files/Materials
  artifactKey: Guid(cae1eba99baa74f6798681ead2575395) Importer(815301076,1909f56bfc062723c751e8b465ee728b)
Start importing Assets/Course Library/_Source_Files/Materials using Guid(cae1eba99baa74f6798681ead2575395) Importer(815301076,1909f56bfc062723c751e8b465ee728b)  -> (artifact id: 'ba10e3360bece3343e4fd437b6bad0b9') in 0.000986 seconds 
========================================================================
Received Import Request.
  Time since last request: 0.003014 seconds.
  path: Assets/Course Library/_Source_Files/Materials/PolygonNature_MountainSkybox_Snow.mat
  artifactKey: Guid(fb87686c53fbcc24a867e24f6b622498) Importer(815301076,1909f56bfc062723c751e8b465ee728b)
Start importing Assets/Course Library/_Source_Files/Materials/PolygonNature_MountainSkybox_Snow.mat using Guid(fb87686c53fbcc24a867e24f6b622498) Importer(815301076,1909f56bfc062723c751e8b465ee728b)  -> (artifact id: '11579e6c2088ab75c14b4aede77c898b') in 0.009132 seconds 
========================================================================
Received Import Request.
  Time since last request: 0.005861 seconds.
  path: Assets/Course Library/_Source_Files/FBX/road_straight_mesh.fbx
  artifactKey: Guid(9054c70a5c9ed454f8ef48a11963db28) Importer(815301076,1909f56bfc062723c751e8b465ee728b)
Start importing Assets/Course Library/_Source_Files/FBX/road_straight_mesh.fbx using Guid(9054c70a5c9ed454f8ef48a11963db28) Importer(815301076,1909f56bfc062723c751e8b465ee728b)  -> (artifact id: '74873aa624d4f97459cf92cf67b5ade0') in 0.012004 seconds 
========================================================================
Received Import Request.
  Time since last request: 0.021366 seconds.
  path: Assets/Course Library/_Source_Files/FBX/ST_Veh_Car_Blue_Z.fbx
  artifactKey: Guid(6df34ee591500634282ce8431bcb6976) Importer(815301076,1909f56bfc062723c751e8b465ee728b)
Start importing Assets/Course Library/_Source_Files/FBX/ST_Veh_Car_Blue_Z.fbx using Guid(6df34ee591500634282ce8431bcb6976) Importer(815301076,1909f56bfc062723c751e8b465ee728b)  -> (artifact id: '0a8a68757daa60ea3a7d2374706d2ce8') in 0.056909 seconds 
========================================================================
Received Import Request.
  Time since last request: 0.005176 seconds.
  path: Assets/Course Library/_Source_Files/Textures/Signs_00.png
  artifactKey: Guid(c050c2762aa6b874bac5c0b0c224bc9f) Importer(815301076,1909f56bfc062723c751e8b465ee728b)
Start importing Assets/Course Library/_Source_Files/Textures/Signs_00.png using Guid(c050c2762aa6b874bac5c0b0c224bc9f) Importer(815301076,1909f56bfc062723c751e8b465ee728b)  -> (artifact id: '20b432b6126df81da2d3fa1abb87238e') in 0.009485 seconds 
========================================================================
Received Import Request.
  Time since last request: 0.008162 seconds.
  path: Assets/Course Library/_Source_Files/Materials/SimpleSky.mat
  artifactKey: Guid(e68f77e240a7f8643b5cc4253dc37516) Importer(815301076,1909f56bfc062723c751e8b465ee728b)
Start importing Assets/Course Library/_Source_Files/Materials/SimpleSky.mat using Guid(e68f77e240a7f8643b5cc4253dc37516) Importer(815301076,1909f56bfc062723c751e8b465ee728b)  -> (artifact id: '52a386c0fd6ef6f892c35cd618649fdc') in 0.007647 seconds 
========================================================================
Received Import Request.
  Time since last request: 0.003988 seconds.
  path: Assets/Course Library/_Source_Files/FBX/ST_Veh_Van_Green_Z.fbx
  artifactKey: Guid(576da546347c040428bb0204a37e73d3) Importer(815301076,1909f56bfc062723c751e8b465ee728b)
Start importing Assets/Course Library/_Source_Files/FBX/ST_Veh_Van_Green_Z.fbx using Guid(576da546347c040428bb0204a37e73d3) Importer(815301076,1909f56bfc062723c751e8b465ee728b)  -> (artifact id: '4e441308ccdd9dfe8f4f22da851e3f5f') in 0.052343 seconds 
========================================================================
Received Import Request.
  Time since last request: 0.004513 seconds.
  path: Assets/Course Library/_Source_Files/FBX/Triangular_Prism.obj
  artifactKey: Guid(0a29e5b800b3746428b5645480341512) Importer(815301076,1909f56bfc062723c751e8b465ee728b)
Start importing Assets/Course Library/_Source_Files/FBX/Triangular_Prism.obj using Guid(0a29e5b800b3746428b5645480341512) Importer(815301076,1909f56bfc062723c751e8b465ee728b)  -> (artifact id: '579bf1251f921187a9c7f023d0396e04') in 0.022723 seconds 
========================================================================
Received Import Request.
  Time since last request: 0.001404 seconds.
  path: Assets/Course Library/_Source_Files
  artifactKey: Guid(72f1805f9e4054127a65d3cab3ea01c4) Importer(815301076,1909f56bfc062723c751e8b465ee728b)
Start importing Assets/Course Library/_Source_Files using Guid(72f1805f9e4054127a65d3cab3ea01c4) Importer(815301076,1909f56bfc062723c751e8b465ee728b)  -> (artifact id: '52cb5daca1a2bc122d45aa02f2f5680d') in 0.000985 seconds 
